<?xml version="1.0" encoding="UTF-8"?>
<!-- Generated by org.testng.reporters.JUnitXMLReporter -->
<testsuite ignored="0" hostname="shivalis-MacBook-Air.local" failures="0" tests="10" name="Default test" time="44.235" errors="0" timestamp="2024-05-13T15:35:19 IST">
  <testcase classname="testcase.GatewayPageTC" name="initializeLogin" time="35.442"/>
  <testcase classname="testcase.GatewayPageTC" name="gatewayTitleTest" time="0.009"/>
  <testcase classname="testcase.GatewayPageTC" name="userNameTest" time="0.024"/>
  <testcase classname="testcase.GatewayPageTC" name="settingsBtnTest" time="0.032"/>
  <testcase classname="testcase.GatewayPageTC" name="leftNavBarBtnTest" time="0.023"/>
  <testcase classname="testcase.GatewayPageTC" name="aDTileTest" time="0.022"/>
  <testcase classname="testcase.GatewayPageTC" name="approvalDisclosureTile" time="4.175"/>
  <testcase classname="testcase.GatewayPageTC" name="tPMTileTest" time="0.021"/>
  <testcase classname="testcase.GatewayPageTC" name="campaignTileTest" time="0.023"/>
  <testcase classname="testcase.GatewayPageTC" name="compalianceTileTest" time="0.024"/>
</testsuite> <!-- Default test -->
